<?xml version="1.0" encoding="UTF-8"?>
<!-- Generated by org.testng.reporters.JUnitReportReporter -->
<testsuite hostname="4-ME" failures="0" tests="1" name="testcase.NewTest" time="0.012" errors="0" timestamp="2022-05-05T22:35:29 EDT" skipped="0">
  <testcase classname="testcase.NewTest" name="f" time="0.012"/>
  <system-out/>
</testsuite> <!-- testcase.NewTest -->
