<?xml version="1.0" encoding="UTF-8"?>
<!-- Generated by org.testng.reporters.JUnitReportReporter -->
<testsuite hostname="4-ME" failures="0" tests="4" name="testcase.Getrequest" time="5.518" errors="0" timestamp="2022-05-05T23:34:47 EDT" skipped="0">
  <testcase classname="testcase.Getrequest" name="deletema" time="3.309"/>
  <system-out/>
  <testcase classname="testcase.Getrequest" name="getr" time="0.992"/>
  <system-out/>
  <testcase classname="testcase.Getrequest" name="postm1" time="0.760"/>
  <system-out/>
  <testcase classname="testcase.Getrequest" name="update" time="0.457"/>
  <system-out/>
</testsuite> <!-- testcase.Getrequest -->
