<?xml version="1.0" encoding="UTF-8"?>
<!-- Generated by org.testng.reporters.JUnitReportReporter -->
<testsuite hostname="4-ME" failures="0" tests="1" name="testcase.NewTest" time="0.008" errors="0" timestamp="2022-05-05T23:30:00 EDT" skipped="0">
  <testcase classname="testcase.NewTest" name="f" time="0.008"/>
  <system-out/>
</testsuite> <!-- testcase.NewTest -->
