<?xml version="1.0" encoding="UTF-8"?>
<!-- Generated by org.testng.reporters.JUnitReportReporter -->
<testsuite hostname="4-ME" failures="0" tests="4" name="testcase.Getrequest" time="7.391" errors="0" timestamp="2022-05-05T23:30:00 EDT" skipped="0">
  <testcase classname="testcase.Getrequest" name="getr" time="0.629"/>
  <system-out/>
  <testcase classname="testcase.Getrequest" name="deletema" time="5.547"/>
  <system-out/>
  <testcase classname="testcase.Getrequest" name="update" time="0.480"/>
  <system-out/>
  <testcase classname="testcase.Getrequest" name="postm1" time="0.735"/>
  <system-out/>
</testsuite> <!-- testcase.Getrequest -->
